<?xml version="1.0" encoding="UTF-8"?>
<testng-results ignored="0" total="3" passed="3" failed="0" skipped="0">
  <reporter-output>
  </reporter-output>
  <suite started-at="2022-08-11T17:39:52 IST" name="Suite" finished-at="2022-08-11T17:40:22 IST" duration-ms="30452">
    <groups>
      <group name="regressionTest">
        <method signature="CreateCampaignTest.createCampaign()[pri:0, instance:com.crm.sdet.Cmpaign.CreateCampaignTest@6e0f5f7f]" name="createCampaign" class="com.crm.sdet.Cmpaign.CreateCampaignTest"/>
        <method signature="CreateCampaignANDproductTest.createCamaignAndProduct()[pri:0, instance:com.crm.sdet.Cmpaign.CreateCampaignANDproductTest@1ed6388a]" name="createCamaignAndProduct" class="com.crm.sdet.Cmpaign.CreateCampaignANDproductTest"/>
      </group> <!-- regressionTest -->
      <group name="smokeTest">
        <method signature="CreateOrgnizationTest.createOrganization()[pri:0, instance:com.crm.sdet.Organization.CreateOrgnizationTest@5e600dd5]" name="createOrganization" class="com.crm.sdet.Organization.CreateOrgnizationTest"/>
      </group> <!-- smokeTest -->
    </groups>
    <test started-at="2022-08-11T17:39:52 IST" name="Test1" finished-at="2022-08-11T17:40:13 IST" duration-ms="21334">
      <class name="com.crm.sdet.Cmpaign.CreateCampaignTest">
        <test-method is-config="true" signature="BT()[pri:0, instance:com.crm.sdet.Cmpaign.CreateCampaignTest@6e0f5f7f]" started-at="2022-08-11T17:39:52 IST" name="BT" finished-at="2022-08-11T17:39:52 IST" duration-ms="0" status="PASS">
          <reporter-output>
          </reporter-output>
        </test-method> <!-- BT -->
        <test-method is-config="true" signature="BC()[pri:0, instance:com.crm.sdet.Cmpaign.CreateCampaignTest@6e0f5f7f]" started-at="2022-08-11T17:39:52 IST" name="BC" finished-at="2022-08-11T17:39:53 IST" duration-ms="1897" status="PASS">
          <reporter-output>
          </reporter-output>
        </test-method> <!-- BC -->
        <test-method is-config="true" signature="AM()[pri:0, instance:com.crm.sdet.Cmpaign.CreateCampaignTest@6e0f5f7f]" started-at="2022-08-11T17:39:54 IST" name="AM" finished-at="2022-08-11T17:39:54 IST" duration-ms="1" status="PASS">
          <reporter-output>
          </reporter-output>
        </test-method> <!-- AM -->
        <test-method is-config="true" signature="BM()[pri:0, instance:com.crm.sdet.Cmpaign.CreateCampaignTest@6e0f5f7f]" started-at="2022-08-11T17:39:54 IST" name="BM" finished-at="2022-08-11T17:39:59 IST" duration-ms="5325" status="PASS">
          <reporter-output>
          </reporter-output>
        </test-method> <!-- BM -->
        <test-method signature="createCampaign()[pri:0, instance:com.crm.sdet.Cmpaign.CreateCampaignTest@6e0f5f7f]" started-at="2022-08-11T17:39:59 IST" name="createCampaign" finished-at="2022-08-11T17:40:13 IST" duration-ms="14078" status="PASS">
          <reporter-output>
          </reporter-output>
        </test-method> <!-- createCampaign -->
        <test-method is-config="true" signature="AC()[pri:0, instance:com.crm.sdet.Cmpaign.CreateCampaignTest@6e0f5f7f]" started-at="2022-08-11T17:40:13 IST" name="AC" finished-at="2022-08-11T17:40:13 IST" duration-ms="0" status="PASS">
          <reporter-output>
          </reporter-output>
        </test-method> <!-- AC -->
        <test-method is-config="true" signature="AT()[pri:0, instance:com.crm.sdet.Cmpaign.CreateCampaignTest@6e0f5f7f]" started-at="2022-08-11T17:40:13 IST" name="AT" finished-at="2022-08-11T17:40:13 IST" duration-ms="0" status="PASS">
          <reporter-output>
          </reporter-output>
        </test-method> <!-- AT -->
      </class> <!-- com.crm.sdet.Cmpaign.CreateCampaignTest -->
    </test> <!-- Test1 -->
    <test started-at="2022-08-11T17:39:52 IST" name="Test3" finished-at="2022-08-11T17:40:14 IST" duration-ms="22482">
      <class name="com.crm.sdet.Organization.CreateOrgnizationTest">
        <test-method is-config="true" signature="BS()[pri:0, instance:com.crm.sdet.Organization.CreateOrgnizationTest@5e600dd5]" started-at="2022-08-11T17:39:52 IST" name="BS" finished-at="2022-08-11T17:39:52 IST" duration-ms="5" status="PASS">
          <reporter-output>
          </reporter-output>
        </test-method> <!-- BS -->
        <test-method is-config="true" signature="BT()[pri:0, instance:com.crm.sdet.Organization.CreateOrgnizationTest@5e600dd5]" started-at="2022-08-11T17:39:52 IST" name="BT" finished-at="2022-08-11T17:39:52 IST" duration-ms="0" status="PASS">
          <reporter-output>
          </reporter-output>
        </test-method> <!-- BT -->
        <test-method is-config="true" signature="BC()[pri:0, instance:com.crm.sdet.Organization.CreateOrgnizationTest@5e600dd5]" started-at="2022-08-11T17:39:52 IST" name="BC" finished-at="2022-08-11T17:39:53 IST" duration-ms="1897" status="PASS">
          <reporter-output>
          </reporter-output>
        </test-method> <!-- BC -->
        <test-method is-config="true" signature="AM()[pri:0, instance:com.crm.sdet.Organization.CreateOrgnizationTest@5e600dd5]" started-at="2022-08-11T17:39:54 IST" name="AM" finished-at="2022-08-11T17:39:54 IST" duration-ms="1" status="PASS">
          <reporter-output>
          </reporter-output>
        </test-method> <!-- AM -->
        <test-method is-config="true" signature="BM()[pri:0, instance:com.crm.sdet.Organization.CreateOrgnizationTest@5e600dd5]" started-at="2022-08-11T17:39:54 IST" name="BM" finished-at="2022-08-11T17:39:59 IST" duration-ms="5349" status="PASS">
          <reporter-output>
          </reporter-output>
        </test-method> <!-- BM -->
        <test-method signature="createOrganization()[pri:0, instance:com.crm.sdet.Organization.CreateOrgnizationTest@5e600dd5]" started-at="2022-08-11T17:39:59 IST" name="createOrganization" finished-at="2022-08-11T17:40:14 IST" duration-ms="15203" status="PASS">
          <reporter-output>
          </reporter-output>
        </test-method> <!-- createOrganization -->
        <test-method is-config="true" signature="AC()[pri:0, instance:com.crm.sdet.Organization.CreateOrgnizationTest@5e600dd5]" started-at="2022-08-11T17:40:14 IST" name="AC" finished-at="2022-08-11T17:40:14 IST" duration-ms="1" status="PASS">
          <reporter-output>
          </reporter-output>
        </test-method> <!-- AC -->
        <test-method is-config="true" signature="AT()[pri:0, instance:com.crm.sdet.Organization.CreateOrgnizationTest@5e600dd5]" started-at="2022-08-11T17:40:14 IST" name="AT" finished-at="2022-08-11T17:40:14 IST" duration-ms="0" status="PASS">
          <reporter-output>
          </reporter-output>
        </test-method> <!-- AT -->
        <test-method is-config="true" signature="AS()[pri:0, instance:com.crm.sdet.Organization.CreateOrgnizationTest@5e600dd5]" started-at="2022-08-11T17:40:22 IST" name="AS" finished-at="2022-08-11T17:40:22 IST" duration-ms="0" status="PASS">
          <reporter-output>
          </reporter-output>
        </test-method> <!-- AS -->
      </class> <!-- com.crm.sdet.Organization.CreateOrgnizationTest -->
    </test> <!-- Test3 -->
    <test started-at="2022-08-11T17:39:52 IST" name="Test2" finished-at="2022-08-11T17:40:22 IST" duration-ms="30452">
      <class name="com.crm.sdet.Cmpaign.CreateCampaignANDproductTest">
        <test-method is-config="true" signature="BT()[pri:0, instance:com.crm.sdet.Cmpaign.CreateCampaignANDproductTest@1ed6388a]" started-at="2022-08-11T17:39:52 IST" name="BT" finished-at="2022-08-11T17:39:52 IST" duration-ms="1" status="PASS">
          <reporter-output>
          </reporter-output>
        </test-method> <!-- BT -->
        <test-method is-config="true" signature="BC()[pri:0, instance:com.crm.sdet.Cmpaign.CreateCampaignANDproductTest@1ed6388a]" started-at="2022-08-11T17:39:52 IST" name="BC" finished-at="2022-08-11T17:39:53 IST" duration-ms="1897" status="PASS">
          <reporter-output>
          </reporter-output>
        </test-method> <!-- BC -->
        <test-method is-config="true" signature="AM()[pri:0, instance:com.crm.sdet.Cmpaign.CreateCampaignANDproductTest@1ed6388a]" started-at="2022-08-11T17:39:54 IST" name="AM" finished-at="2022-08-11T17:39:54 IST" duration-ms="1" status="PASS">
          <reporter-output>
          </reporter-output>
        </test-method> <!-- AM -->
        <test-method is-config="true" signature="BM()[pri:0, instance:com.crm.sdet.Cmpaign.CreateCampaignANDproductTest@1ed6388a]" started-at="2022-08-11T17:39:54 IST" name="BM" finished-at="2022-08-11T17:39:59 IST" duration-ms="5248" status="PASS">
          <reporter-output>
          </reporter-output>
        </test-method> <!-- BM -->
        <test-method signature="createCamaignAndProduct()[pri:0, instance:com.crm.sdet.Cmpaign.CreateCampaignANDproductTest@1ed6388a]" started-at="2022-08-11T17:39:59 IST" name="createCamaignAndProduct" finished-at="2022-08-11T17:40:22 IST" duration-ms="23276" status="PASS">
          <reporter-output>
          </reporter-output>
        </test-method> <!-- createCamaignAndProduct -->
        <test-method is-config="true" signature="AT()[pri:0, instance:com.crm.sdet.Cmpaign.CreateCampaignANDproductTest@1ed6388a]" started-at="2022-08-11T17:40:22 IST" name="AT" finished-at="2022-08-11T17:40:22 IST" duration-ms="1" status="PASS">
          <reporter-output>
          </reporter-output>
        </test-method> <!-- AT -->
        <test-method is-config="true" signature="AC()[pri:0, instance:com.crm.sdet.Cmpaign.CreateCampaignANDproductTest@1ed6388a]" started-at="2022-08-11T17:40:22 IST" name="AC" finished-at="2022-08-11T17:40:22 IST" duration-ms="0" status="PASS">
          <reporter-output>
          </reporter-output>
        </test-method> <!-- AC -->
      </class> <!-- com.crm.sdet.Cmpaign.CreateCampaignANDproductTest -->
    </test> <!-- Test2 -->
  </suite> <!-- Suite -->
</testng-results>
